<?xml version="1.0" encoding="UTF-8"?>
<!-- Generated by org.testng.reporters.JUnitReportReporter -->
<testsuite hostname="LAPTOP-77DH91A2" name="ProdoTest.ProdoTesting.AppTest" tests="1" failures="0" timestamp="6 Apr 2021 07:22:58 GMT" time="0.000" errors="0">
  <testcase name="shouldAnswerWithTrue" time="0.000" classname="ProdoTest.ProdoTesting.AppTest"/>
</testsuite> <!-- ProdoTest.ProdoTesting.AppTest -->
