<?xml version="1.0" encoding="UTF-8"?>
<!-- Generated by org.testng.reporters.JUnitReportReporter -->
<testsuite hostname="LAPTOP-77DH91A2" name="ProdoTest.ProdoTesting.AppTest" tests="1" failures="0" timestamp="26 Apr 2021 11:18:43 GMT" time="0.001" errors="0">
  <testcase name="shouldAnswerWithTrue" time="0.001" classname="ProdoTest.ProdoTesting.AppTest"/>
</testsuite> <!-- ProdoTest.ProdoTesting.AppTest -->
